This is XeTeX, Version 3.141592653-2.6-0.999994 (TeX Live 2022) (preloaded format=xelatex 2023.1.3)  28 JAN 2023 12:02
entering extended mode
 restricted \write18 enabled.
 %&-line parsing enabled.
**MicroEc.tex
(./MicroEc.tex
LaTeX2e <2022-11-01> patch level 1
L3 programming layer <2022-12-17> (/Users/jrenne/Library/TinyTeX/texmf-dist/tex/latex/base/book.cls
Document Class: book 2022/07/02 v1.4n Standard LaTeX document class
(/Users/jrenne/Library/TinyTeX/texmf-dist/tex/latex/base/bk12.clo
File: bk12.clo 2022/07/02 v1.4n Standard LaTeX file (size option)
)
\c@part=\count181
\c@chapter=\count182
\c@section=\count183
\c@subsection=\count184
\c@subsubsection=\count185
\c@paragraph=\count186
\c@subparagraph=\count187
\c@figure=\count188
\c@table=\count189
\abovecaptionskip=\skip48
\belowcaptionskip=\skip49
\bibindent=\dimen140
) (/Users/jrenne/Library/TinyTeX/texmf-dist/tex/latex/amsmath/amsmath.sty
Package: amsmath 2022/04/08 v2.17n AMS math features
\@mathmargin=\skip50
For additional information on amsmath, use the `?' option.
(/Users/jrenne/Library/TinyTeX/texmf-dist/tex/latex/amsmath/amstext.sty
Package: amstext 2021/08/26 v2.01 AMS text
(/Users/jrenne/Library/TinyTeX/texmf-dist/tex/latex/amsmath/amsgen.sty
File: amsgen.sty 1999/11/30 v2.0 generic functions
\@emptytoks=\toks16
\ex@=\dimen141
)) (/Users/jrenne/Library/TinyTeX/texmf-dist/tex/latex/amsmath/amsbsy.sty
Package: amsbsy 1999/11/29 v1.2d Bold Symbols
\pmbraise@=\dimen142
) (/Users/jrenne/Library/TinyTeX/texmf-dist/tex/latex/amsmath/amsopn.sty
Package: amsopn 2022/04/08 v2.04 operator names
)
\inf@bad=\count190
LaTeX Info: Redefining \frac on input line 234.
\uproot@=\count191
\leftroot@=\count192
LaTeX Info: Redefining \overline on input line 399.
LaTeX Info: Redefining \colon on input line 410.
\classnum@=\count193
\DOTSCASE@=\count194
LaTeX Info: Redefining \ldots on input line 496.
LaTeX Info: Redefining \dots on input line 499.
LaTeX Info: Redefining \cdots on input line 620.
\Mathstrutbox@=\box51
\strutbox@=\box52
LaTeX Info: Redefining \big on input line 722.
LaTeX Info: Redefining \Big on input line 723.
LaTeX Info: Redefining \bigg on input line 724.
LaTeX Info: Redefining \Bigg on input line 725.
\big@size=\dimen143
LaTeX Font Info:    Redeclaring font encoding OML on input line 743.
LaTeX Font Info:    Redeclaring font encoding OMS on input line 744.
\macc@depth=\count195
LaTeX Info: Redefining \bmod on input line 905.
LaTeX Info: Redefining \pmod on input line 910.
LaTeX Info: Redefining \smash on input line 940.
LaTeX Info: Redefining \relbar on input line 970.
LaTeX Info: Redefining \Relbar on input line 971.
\c@MaxMatrixCols=\count196
\dotsspace@=\muskip16
\c@parentequation=\count197
\dspbrk@lvl=\count198
\tag@help=\toks17
\row@=\count199
\column@=\count266
\maxfields@=\count267
\andhelp@=\toks18
\eqnshift@=\dimen144
\alignsep@=\dimen145
\tagshift@=\dimen146
\tagwidth@=\dimen147
\totwidth@=\dimen148
\lineht@=\dimen149
\@envbody=\toks19
\multlinegap=\skip51
\multlinetaggap=\skip52
\mathdisplay@stack=\toks20
LaTeX Info: Redefining \[ on input line 2953.
LaTeX Info: Redefining \] on input line 2954.
) (/Users/jrenne/Library/TinyTeX/texmf-dist/tex/latex/amsfonts/amssymb.sty
Package: amssymb 2013/01/14 v3.01 AMS font symbols
(/Users/jrenne/Library/TinyTeX/texmf-dist/tex/latex/amsfonts/amsfonts.sty
Package: amsfonts 2013/01/14 v3.01 Basic AMSFonts support
\symAMSa=\mathgroup4
\symAMSb=\mathgroup5
LaTeX Font Info:    Redeclaring math symbol \hbar on input line 98.
LaTeX Font Info:    Overwriting math alphabet `\mathfrak' in version `bold'
(Font)                  U/euf/m/n --> U/euf/b/n on input line 106.
)) (/Users/jrenne/Library/TinyTeX/texmf-dist/tex/latex/lm/lmodern.sty
Package: lmodern 2015/05/01 v1.6.1 Latin Modern Fonts
LaTeX Font Info:    Overwriting symbol font `operators' in version `normal'
(Font)                  OT1/cmr/m/n --> OT1/lmr/m/n on input line 22.
LaTeX Font Info:    Overwriting symbol font `letters' in version `normal'
(Font)                  OML/cmm/m/it --> OML/lmm/m/it on input line 23.
LaTeX Font Info:    Overwriting symbol font `symbols' in version `normal'
(Font)                  OMS/cmsy/m/n --> OMS/lmsy/m/n on input line 24.
LaTeX Font Info:    Overwriting symbol font `largesymbols' in version `normal'
(Font)                  OMX/cmex/m/n --> OMX/lmex/m/n on input line 25.
LaTeX Font Info:    Overwriting symbol font `operators' in version `bold'
(Font)                  OT1/cmr/bx/n --> OT1/lmr/bx/n on input line 26.
LaTeX Font Info:    Overwriting symbol font `letters' in version `bold'
(Font)                  OML/cmm/b/it --> OML/lmm/b/it on input line 27.
LaTeX Font Info:    Overwriting symbol font `symbols' in version `bold'
(Font)                  OMS/cmsy/b/n --> OMS/lmsy/b/n on input line 28.
LaTeX Font Info:    Overwriting symbol font `largesymbols' in version `bold'
(Font)                  OMX/cmex/m/n --> OMX/lmex/m/n on input line 29.
LaTeX Font Info:    Overwriting math alphabet `\mathbf' in version `normal'
(Font)                  OT1/cmr/bx/n --> OT1/lmr/bx/n on input line 31.
LaTeX Font Info:    Overwriting math alphabet `\mathsf' in version `normal'
(Font)                  OT1/cmss/m/n --> OT1/lmss/m/n on input line 32.
LaTeX Font Info:    Overwriting math alphabet `\mathit' in version `normal'
(Font)                  OT1/cmr/m/it --> OT1/lmr/m/it on input line 33.
LaTeX Font Info:    Overwriting math alphabet `\mathtt' in version `normal'
(Font)                  OT1/cmtt/m/n --> OT1/lmtt/m/n on input line 34.
LaTeX Font Info:    Overwriting math alphabet `\mathbf' in version `bold'
(Font)                  OT1/cmr/bx/n --> OT1/lmr/bx/n on input line 35.
LaTeX Font Info:    Overwriting math alphabet `\mathsf' in version `bold'
(Font)                  OT1/cmss/bx/n --> OT1/lmss/bx/n on input line 36.
LaTeX Font Info:    Overwriting math alphabet `\mathit' in version `bold'
(Font)                  OT1/cmr/bx/it --> OT1/lmr/bx/it on input line 37.
LaTeX Font Info:    Overwriting math alphabet `\mathtt' in version `bold'
(Font)                  OT1/cmtt/m/n --> OT1/lmtt/m/n on input line 38.
) (/Users/jrenne/Library/TinyTeX/texmf-dist/tex/generic/iftex/iftex.sty
Package: iftex 2022/02/03 v1.0f TeX engine tests
) (/Users/jrenne/Library/TinyTeX/texmf-dist/tex/latex/unicode-math/unicode-math.sty (/Users/jrenne/Library/TinyTeX/texmf-dist/tex/latex/l3kernel/expl3.sty
Package: expl3 2022-12-17 L3 programming layer (loader) 
(/Users/jrenne/Library/TinyTeX/texmf-dist/tex/latex/l3backend/l3backend-xetex.def
File: l3backend-xetex.def 2022-10-26 L3 backend support: XeTeX
\g__graphics_track_int=\count268
\l__pdf_internal_box=\box53
\g__pdf_backend_object_int=\count269
\g__pdf_backend_annotation_int=\count270
\g__pdf_backend_link_int=\count271
))
Package: unicode-math 2020/01/31 v0.8q Unicode maths in XeLaTeX and LuaLaTeX
(/Users/jrenne/Library/TinyTeX/texmf-dist/tex/latex/unicode-math/unicode-math-xetex.sty
Package: unicode-math-xetex 2020/01/31 v0.8q Unicode maths in XeLaTeX and LuaLaTeX
(/Users/jrenne/Library/TinyTeX/texmf-dist/tex/latex/l3packages/xparse/xparse.sty
Package: xparse 2022-12-17 L3 Experimental document command parser
) (/Users/jrenne/Library/TinyTeX/texmf-dist/tex/latex/l3packages/l3keys2e/l3keys2e.sty
Package: l3keys2e 2022-12-17 LaTeX2e option processing using LaTeX3 keys
) (/Users/jrenne/Library/TinyTeX/texmf-dist/tex/latex/fontspec/fontspec.sty
Package: fontspec 2022/01/15 v2.8a Font selection for XeLaTeX and LuaLaTeX
(/Users/jrenne/Library/TinyTeX/texmf-dist/tex/latex/fontspec/fontspec-xetex.sty
Package: fontspec-xetex 2022/01/15 v2.8a Font selection for XeLaTeX and LuaLaTeX
\l__fontspec_script_int=\count272
\l__fontspec_language_int=\count273
\l__fontspec_strnum_int=\count274
\l__fontspec_tmp_int=\count275
\l__fontspec_tmpa_int=\count276
\l__fontspec_tmpb_int=\count277
\l__fontspec_tmpc_int=\count278
\l__fontspec_em_int=\count279
\l__fontspec_emdef_int=\count280
\l__fontspec_strong_int=\count281
\l__fontspec_strongdef_int=\count282
\l__fontspec_tmpa_dim=\dimen150
\l__fontspec_tmpb_dim=\dimen151
\l__fontspec_tmpc_dim=\dimen152
(/Users/jrenne/Library/TinyTeX/texmf-dist/tex/latex/base/fontenc.sty
Package: fontenc 2021/04/29 v2.0v Standard LaTeX package
) (/Users/jrenne/Library/TinyTeX/texmf-dist/tex/latex/fontspec/fontspec.cfg))) (/Users/jrenne/Library/TinyTeX/texmf-dist/tex/latex/base/fix-cm.sty
Package: fix-cm 2020/11/24 v1.1t fixes to LaTeX
(/Users/jrenne/Library/TinyTeX/texmf-dist/tex/latex/base/ts1enc.def
File: ts1enc.def 2001/06/05 v3.0e (jk/car/fm) Standard LaTeX file
LaTeX Font Info:    Redeclaring font encoding TS1 on input line 47.
))
\g__um_fam_int=\count283
\g__um_fonts_used_int=\count284
\l__um_primecount_int=\count285
\g__um_primekern_muskip=\muskip17
(/Users/jrenne/Library/TinyTeX/texmf-dist/tex/latex/unicode-math/unicode-math-table.tex))) (/Users/jrenne/Library/TinyTeX/texmf-dist/tex/latex/xcolor/xcolor.sty
Package: xcolor 2022/06/12 v2.14 LaTeX color extensions (UK)
(/Users/jrenne/Library/TinyTeX/texmf-dist/tex/latex/graphics-cfg/color.cfg
File: color.cfg 2016/01/02 v1.6 sample color configuration
)
Package xcolor Info: Driver file: xetex.def on input line 227.
(/Users/jrenne/Library/TinyTeX/texmf-dist/tex/latex/graphics-def/xetex.def
File: xetex.def 2022/09/22 v5.0n Graphics/color driver for xetex
) (/Users/jrenne/Library/TinyTeX/texmf-dist/tex/latex/graphics/mathcolor.ltx)
Package xcolor Info: Model `cmy' substituted by `cmy0' on input line 1353.
Package xcolor Info: Model `RGB' extended on input line 1369.
Package xcolor Info: Model `HTML' substituted by `rgb' on input line 1371.
Package xcolor Info: Model `Hsb' substituted by `hsb' on input line 1372.
Package xcolor Info: Model `tHsb' substituted by `hsb' on input line 1373.
Package xcolor Info: Model `HSB' substituted by `hsb' on input line 1374.
Package xcolor Info: Model `Gray' substituted by `gray' on input line 1375.
Package xcolor Info: Model `wave' substituted by `hsb' on input line 1376.
) (/Users/jrenne/Library/TinyTeX/texmf-dist/tex/latex/fancyvrb/fancyvrb.sty
Package: fancyvrb 2022/06/06 4.5 verbatim text (tvz,hv)
(/Users/jrenne/Library/TinyTeX/texmf-dist/tex/latex/graphics/keyval.sty
Package: keyval 2022/05/29 v1.15 key=value parser (DPC)
\KV@toks@=\toks21
)
\FV@CodeLineNo=\count286
\FV@InFile=\read2
\FV@TabBox=\box54
\c@FancyVerbLine=\count287
\FV@StepNumber=\count288
\FV@OutFile=\write3
) (/Users/jrenne/Library/TinyTeX/texmf-dist/tex/latex/framed/framed.sty
Package: framed 2011/10/22 v 0.96: framed or shaded text with page breaks
\OuterFrameSep=\skip53
\fb@frw=\dimen153
\fb@frh=\dimen154
\FrameRule=\dimen155
\FrameSep=\dimen156
) (/Users/jrenne/Library/TinyTeX/texmf-dist/tex/latex/tools/longtable.sty
Package: longtable 2021-09-01 v4.17 Multi-page Table package (DPC)
\LTleft=\skip54
\LTright=\skip55
\LTpre=\skip56
\LTpost=\skip57
\LTchunksize=\count289
\LTcapwidth=\dimen157
\LT@head=\box55
\LT@firsthead=\box56
\LT@foot=\box57
\LT@lastfoot=\box58
\LT@gbox=\box59
\LT@cols=\count290
\LT@rows=\count291
\c@LT@tables=\count292
\c@LT@chunks=\count293
\LT@p@ftn=\toks22
) (/Users/jrenne/Library/TinyTeX/texmf-dist/tex/latex/booktabs/booktabs.sty
Package: booktabs 2020/01/12 v1.61803398 Publication quality tables
\heavyrulewidth=\dimen158
\lightrulewidth=\dimen159
\cmidrulewidth=\dimen160
\belowrulesep=\dimen161
\belowbottomsep=\dimen162
\aboverulesep=\dimen163
\abovetopsep=\dimen164
\cmidrulesep=\dimen165
\cmidrulekern=\dimen166
\defaultaddspace=\dimen167
\@cmidla=\count294
\@cmidlb=\count295
\@aboverulesep=\dimen168
\@belowrulesep=\dimen169
\@thisruleclass=\count296
\@lastruleclass=\count297
\@thisrulewidth=\dimen170
) (/Users/jrenne/Library/TinyTeX/texmf-dist/tex/latex/tools/array.sty
Package: array 2022/09/04 v2.5g Tabular extension package (FMi)
\col@sep=\dimen171
\ar@mcellbox=\box60
\extrarowheight=\dimen172
\NC@list=\toks23
\extratabsurround=\skip58
\backup@length=\skip59
\ar@cellbox=\box61
) (/Users/jrenne/Library/TinyTeX/texmf-dist/tex/latex/tools/calc.sty
Package: calc 2017/05/25 v4.3 Infix arithmetic (KKT,FJ)
\calc@Acount=\count298
\calc@Bcount=\count299
\calc@Adimen=\dimen173
\calc@Bdimen=\dimen174
\calc@Askip=\skip60
\calc@Bskip=\skip61
LaTeX Info: Redefining \setlength on input line 80.
LaTeX Info: Redefining \addtolength on input line 81.
\calc@Ccount=\count300
\calc@Cskip=\skip62
) (/Users/jrenne/Library/TinyTeX/texmf-dist/tex/latex/etoolbox/etoolbox.sty
Package: etoolbox 2020/10/05 v2.5k e-TeX tools for LaTeX (JAW)
\etb@tempcnta=\count301
) (/Users/jrenne/Library/TinyTeX/texmf-dist/tex/latex/mdwtools/footnote.sty
Package: footnote 1997/01/28 1.13 Save footnotes around boxes
\fn@notes=\box62
\fn@width=\dimen175
) (/Users/jrenne/Library/TinyTeX/texmf-dist/tex/latex/graphics/graphicx.sty
Package: graphicx 2021/09/16 v1.2d Enhanced LaTeX Graphics (DPC,SPQR)
(/Users/jrenne/Library/TinyTeX/texmf-dist/tex/latex/graphics/graphics.sty
Package: graphics 2022/03/10 v1.4e Standard LaTeX Graphics (DPC,SPQR)
(/Users/jrenne/Library/TinyTeX/texmf-dist/tex/latex/graphics/trig.sty
Package: trig 2021/08/11 v1.11 sin cos tan (DPC)
) (/Users/jrenne/Library/TinyTeX/texmf-dist/tex/latex/graphics-cfg/graphics.cfg
File: graphics.cfg 2016/06/04 v1.11 sample graphics configuration
)
Package graphics Info: Driver file: xetex.def on input line 107.
)
\Gin@req@height=\dimen176
\Gin@req@width=\dimen177
) (/Users/jrenne/Library/TinyTeX/texmf-dist/tex/latex/natbib/natbib.sty
Package: natbib 2010/09/13 8.31b (PWD, AO)
\bibhang=\skip63
\bibsep=\skip64
LaTeX Info: Redefining \cite on input line 694.
\c@NAT@ctr=\count302
) (/Users/jrenne/Library/TinyTeX/texmf-dist/tex/latex/hyperref/hyperref.sty
Package: hyperref 2022-11-13 v7.00u Hypertext links for LaTeX
(/Users/jrenne/Library/TinyTeX/texmf-dist/tex/generic/ltxcmds/ltxcmds.sty
Package: ltxcmds 2020-05-10 v1.25 LaTeX kernel commands for general use (HO)
) (/Users/jrenne/Library/TinyTeX/texmf-dist/tex/generic/pdftexcmds/pdftexcmds.sty
Package: pdftexcmds 2020-06-27 v0.33 Utility functions of pdfTeX for LuaTeX (HO)
(/Users/jrenne/Library/TinyTeX/texmf-dist/tex/generic/infwarerr/infwarerr.sty
Package: infwarerr 2019/12/03 v1.5 Providing info/warning/error messages (HO)
)
Package pdftexcmds Info: \pdf@primitive is available.
Package pdftexcmds Info: \pdf@ifprimitive is available.
Package pdftexcmds Info: \pdfdraftmode not found.
) (/Users/jrenne/Library/TinyTeX/texmf-dist/tex/latex/kvsetkeys/kvsetkeys.sty
Package: kvsetkeys 2022-10-05 v1.19 Key value parser (HO)
) (/Users/jrenne/Library/TinyTeX/texmf-dist/tex/generic/kvdefinekeys/kvdefinekeys.sty
Package: kvdefinekeys 2019-12-19 v1.6 Define keys (HO)
) (/Users/jrenne/Library/TinyTeX/texmf-dist/tex/generic/pdfescape/pdfescape.sty
Package: pdfescape 2019/12/09 v1.15 Implements pdfTeX's escape features (HO)
) (/Users/jrenne/Library/TinyTeX/texmf-dist/tex/latex/hycolor/hycolor.sty
Package: hycolor 2020-01-27 v1.10 Color options for hyperref/bookmark (HO)
) (/Users/jrenne/Library/TinyTeX/texmf-dist/tex/latex/letltxmacro/letltxmacro.sty
Package: letltxmacro 2019/12/03 v1.6 Let assignment for LaTeX macros (HO)
) (/Users/jrenne/Library/TinyTeX/texmf-dist/tex/latex/auxhook/auxhook.sty
Package: auxhook 2019-12-17 v1.6 Hooks for auxiliary files (HO)
) (/Users/jrenne/Library/TinyTeX/texmf-dist/tex/latex/hyperref/nameref.sty
Package: nameref 2022-05-17 v2.50 Cross-referencing by name of section
(/Users/jrenne/Library/TinyTeX/texmf-dist/tex/latex/refcount/refcount.sty
Package: refcount 2019/12/15 v3.6 Data extraction from label references (HO)
) (/Users/jrenne/Library/TinyTeX/texmf-dist/tex/generic/gettitlestring/gettitlestring.sty
Package: gettitlestring 2019/12/15 v1.6 Cleanup title references (HO)
(/Users/jrenne/Library/TinyTeX/texmf-dist/tex/latex/kvoptions/kvoptions.sty
Package: kvoptions 2022-06-15 v3.15 Key value format for package options (HO)
))
\c@section@level=\count303
)
\@linkdim=\dimen178
\Hy@linkcounter=\count304
\Hy@pagecounter=\count305
(/Users/jrenne/Library/TinyTeX/texmf-dist/tex/latex/hyperref/pd1enc.def
File: pd1enc.def 2022-11-13 v7.00u Hyperref: PDFDocEncoding definition (HO)
) (/Users/jrenne/Library/TinyTeX/texmf-dist/tex/generic/intcalc/intcalc.sty
Package: intcalc 2019/12/15 v1.3 Expandable calculations with integers (HO)
) (/Users/jrenne/Library/TinyTeX/texmf-dist/tex/generic/etexcmds/etexcmds.sty
Package: etexcmds 2019/12/15 v1.7 Avoid name clashes with e-TeX commands (HO)
)
\Hy@SavedSpaceFactor=\count306
(/Users/jrenne/Library/TinyTeX/texmf-dist/tex/latex/hyperref/puenc.def
File: puenc.def 2022-11-13 v7.00u Hyperref: PDF Unicode definition (HO)
)
Package hyperref Info: Option `unicode' set `true' on input line 4045.
Package hyperref Info: Hyper figures OFF on input line 4162.
Package hyperref Info: Link nesting OFF on input line 4167.
Package hyperref Info: Hyper index ON on input line 4170.
Package hyperref Info: Plain pages OFF on input line 4177.
Package hyperref Info: Backreferencing OFF on input line 4182.
Package hyperref Info: Implicit mode ON; LaTeX internals redefined.
Package hyperref Info: Bookmarks ON on input line 4410.
\c@Hy@tempcnt=\count307
(/Users/jrenne/Library/TinyTeX/texmf-dist/tex/latex/url/url.sty
\Urlmuskip=\muskip18
Package: url 2013/09/16  ver 3.4  Verb mode for urls, etc.
)
LaTeX Info: Redefining \url on input line 4748.
\XeTeXLinkMargin=\dimen179
(/Users/jrenne/Library/TinyTeX/texmf-dist/tex/generic/bitset/bitset.sty
Package: bitset 2019/12/09 v1.3 Handle bit-vector datatype (HO)
(/Users/jrenne/Library/TinyTeX/texmf-dist/tex/generic/bigintcalc/bigintcalc.sty
Package: bigintcalc 2019/12/15 v1.5 Expandable calculations on big integers (HO)
))
\Fld@menulength=\count308
\Field@Width=\dimen180
\Fld@charsize=\dimen181
Package hyperref Info: Hyper figures OFF on input line 6027.
Package hyperref Info: Link nesting OFF on input line 6032.
Package hyperref Info: Hyper index ON on input line 6035.
Package hyperref Info: backreferencing OFF on input line 6042.
Package hyperref Info: Link coloring OFF on input line 6047.
Package hyperref Info: Link coloring with OCG OFF on input line 6052.
Package hyperref Info: PDF/A mode OFF on input line 6057.
(/Users/jrenne/Library/TinyTeX/texmf-dist/tex/latex/base/atbegshi-ltx.sty
Package: atbegshi-ltx 2021/01/10 v1.0c Emulation of the original atbegshi
package with kernel methods
)
\Hy@abspage=\count309
\c@Item=\count310
\c@Hfootnote=\count311
)
Package hyperref Info: Driver (autodetected): hxetex.
(/Users/jrenne/Library/TinyTeX/texmf-dist/tex/latex/hyperref/hxetex.def
File: hxetex.def 2022-11-13 v7.00u Hyperref driver for XeTeX
(/Users/jrenne/Library/TinyTeX/texmf-dist/tex/generic/stringenc/stringenc.sty
Package: stringenc 2019/11/29 v1.12 Convert strings between diff. encodings (HO)
)
\pdfm@box=\box63
\c@Hy@AnnotLevel=\count312
\HyField@AnnotCount=\count313
\Fld@listcount=\count314
\c@bookmark@seq@number=\count315
(/Users/jrenne/Library/TinyTeX/texmf-dist/tex/latex/rerunfilecheck/rerunfilecheck.sty
Package: rerunfilecheck 2022-07-10 v1.10 Rerun checks for auxiliary files (HO)
(/Users/jrenne/Library/TinyTeX/texmf-dist/tex/latex/base/atveryend-ltx.sty
Package: atveryend-ltx 2020/08/19 v1.0a Emulation of the original atveryend package
with kernel methods
) (/Users/jrenne/Library/TinyTeX/texmf-dist/tex/generic/uniquecounter/uniquecounter.sty
Package: uniquecounter 2019/12/15 v1.4 Provide unlimited unique counter (HO)
)
Package uniquecounter Info: New unique counter `rerunfilecheck' on input line 285.
)
\Hy@SectionHShift=\skip65
) (/Users/jrenne/Library/TinyTeX/texmf-dist/tex/latex/amscls/amsthm.sty
Package: amsthm 2020/05/29 v2.20.6
\thm@style=\toks24
\thm@bodyfont=\toks25
\thm@headfont=\toks26
\thm@notefont=\toks27
\thm@headpunct=\toks28
\thm@preskip=\skip66
\thm@postskip=\skip67
\thm@headsep=\skip68
\dth@everypar=\toks29
)
\c@theorem=\count316
\c@lemma=\count317
\c@corollary=\count318
\c@proposition=\count319
\c@conjecture=\count320
\c@definition=\count321
\c@example=\count322
\c@exercise=\count323
\c@hypothesis=\count324
(./MicroEc.aux

LaTeX Warning: Label `eq:thetaOrganizCL' multiply defined.


LaTeX Warning: Label `eq:multipleLogLik' multiply defined.

)
\openout1 = `MicroEc.aux'.

LaTeX Font Info:    Checking defaults for OML/cmm/m/it on input line 140.
LaTeX Font Info:    ... okay on input line 140.
LaTeX Font Info:    Checking defaults for OMS/cmsy/m/n on input line 140.
LaTeX Font Info:    ... okay on input line 140.
LaTeX Font Info:    Checking defaults for OT1/cmr/m/n on input line 140.
LaTeX Font Info:    ... okay on input line 140.
LaTeX Font Info:    Checking defaults for T1/cmr/m/n on input line 140.
LaTeX Font Info:    ... okay on input line 140.
LaTeX Font Info:    Checking defaults for TS1/cmr/m/n on input line 140.
LaTeX Font Info:    ... okay on input line 140.
LaTeX Font Info:    Checking defaults for TU/lmr/m/n on input line 140.
LaTeX Font Info:    ... okay on input line 140.
LaTeX Font Info:    Checking defaults for OMX/cmex/m/n on input line 140.
LaTeX Font Info:    ... okay on input line 140.
LaTeX Font Info:    Checking defaults for U/cmr/m/n on input line 140.
LaTeX Font Info:    ... okay on input line 140.
LaTeX Font Info:    Checking defaults for PD1/pdf/m/n on input line 140.
LaTeX Font Info:    ... okay on input line 140.
LaTeX Font Info:    Checking defaults for PU/pdf/m/n on input line 140.
LaTeX Font Info:    ... okay on input line 140.
LaTeX Font Info:    Overwriting math alphabet `\mathrm' in version `normal'
(Font)                  OT1/lmr/m/n --> TU/lmr/m/n on input line 140.
LaTeX Font Info:    Overwriting math alphabet `\mathit' in version `normal'
(Font)                  OT1/lmr/m/it --> TU/lmr/m/it on input line 140.
LaTeX Font Info:    Overwriting math alphabet `\mathbf' in version `normal'
(Font)                  OT1/lmr/bx/n --> TU/lmr/bx/n on input line 140.
LaTeX Font Info:    Overwriting math alphabet `\mathsf' in version `normal'
(Font)                  OT1/lmss/m/n --> TU/lmss/m/n on input line 140.
LaTeX Font Info:    Overwriting math alphabet `\mathsf' in version `bold'
(Font)                  OT1/lmss/bx/n --> TU/lmss/bx/n on input line 140.
LaTeX Font Info:    Overwriting math alphabet `\mathtt' in version `normal'
(Font)                  OT1/lmtt/m/n --> TU/lmtt/m/n on input line 140.
LaTeX Font Info:    Overwriting math alphabet `\mathtt' in version `bold'
(Font)                  OT1/lmtt/m/n --> TU/lmtt/bx/n on input line 140.

Package fontspec Info: latinmodern-math scale = 0.9999970497384594.


Package fontspec Info: latinmodern-math scale = 0.9999970497384594.


Package fontspec Info: latinmodern-math scale = 0.9999970497384594.


Package fontspec Info: Font family 'latinmodern-math.otf(0)' created for font
(fontspec)             'latinmodern-math.otf' with options
(fontspec)             [Scale=MatchLowercase,BoldItalicFont={},ItalicFont={},SmallCapsFont={},Script=Math,BoldFont={latinmodern-math.otf}].
(fontspec)              
(fontspec)              This font family consists of the following NFSS
(fontspec)             series/shapes:
(fontspec)              
(fontspec)             - 'normal' (m/n) with NFSS spec.:
(fontspec)             <->s*[0.9999970497384594]"[latinmodern-math.otf]/OT:script=math;language=dflt;"
(fontspec)             - 'small caps'  (m/sc) with NFSS spec.: 
(fontspec)             - 'bold' (b/n) with NFSS spec.:
(fontspec)             <->s*[0.9999970497384594]"[latinmodern-math.otf]/OT:script=math;language=dflt;"
(fontspec)             - 'bold small caps'  (b/sc) with NFSS spec.: 

LaTeX Font Info:    Font shape `TU/latinmodern-math.otf(0)/m/n' will be
(Font)              scaled to size 12.0pt on input line 140.

Package fontspec Info: latinmodern-math scale = 0.9999970497384594.


Package fontspec Info: latinmodern-math scale = 0.9999970497384594.


Package fontspec Info: latinmodern-math scale = 0.9999970497384594.


Package fontspec Info: latinmodern-math scale = 0.9999970497384594.


Package fontspec Info: latinmodern-math scale = 0.9999970497384594.


Package fontspec Info: Font family 'latinmodern-math.otf(1)' created for font
(fontspec)             'latinmodern-math.otf' with options
(fontspec)             [Scale=MatchLowercase,BoldItalicFont={},ItalicFont={},SmallCapsFont={},Script=Math,SizeFeatures={{Size=10.2-},{Size=7.2-10.2,Font=latinmodern-math.otf,Style=MathScript},{Size=-7.2,Font=latinmodern-math.otf,Style=MathScriptScript}},BoldFont={latinmodern-math.otf}].
(fontspec)              
(fontspec)              This font family consists of the following NFSS
(fontspec)             series/shapes:
(fontspec)              
(fontspec)             - 'normal' (m/n) with NFSS spec.:
(fontspec)             <10.2->s*[0.9999970497384594]"[latinmodern-math.otf]/OT:script=math;language=dflt;"<7.2-10.2>s*[0.9999970497384594]"[latinmodern-math.otf]/OT:script=math;language=dflt;+ssty=0;"<-7.2>s*[0.9999970497384594]"[latinmodern-math.otf]/OT:script=math;language=dflt;+ssty=1;"
(fontspec)             - 'small caps'  (m/sc) with NFSS spec.: 
(fontspec)             - 'bold' (b/n) with NFSS spec.:
(fontspec)             <->s*[0.9999970497384594]"[latinmodern-math.otf]/OT:script=math;language=dflt;"
(fontspec)             - 'bold small caps'  (b/sc) with NFSS spec.: 

LaTeX Font Info:    Font shape `TU/latinmodern-math.otf(1)/m/n' will be
(Font)              scaled to size 12.0pt on input line 140.
LaTeX Font Info:    Encoding `OT1' has changed to `TU' for symbol font
(Font)              `operators' in the math version `normal' on input line 140.
LaTeX Font Info:    Overwriting symbol font `operators' in version `normal'
(Font)                  OT1/lmr/m/n --> TU/latinmodern-math.otf(1)/m/n on input line 140.
LaTeX Font Info:    Encoding `OT1' has changed to `TU' for symbol font
(Font)              `operators' in the math version `bold' on input line 140.
LaTeX Font Info:    Overwriting symbol font `operators' in version `bold'
(Font)                  OT1/lmr/bx/n --> TU/latinmodern-math.otf(1)/b/n on input line 140.

Package fontspec Info: latinmodern-math scale = 0.9999970497384594.


Package fontspec Info: latinmodern-math scale = 1.000097049443433.


Package fontspec Info: latinmodern-math scale = 0.9999970497384594.


Package fontspec Info: latinmodern-math scale = 1.000097049443433.


Package fontspec Info: latinmodern-math scale = 0.9999970497384594.


Package fontspec Info: latinmodern-math scale = 1.000097049443433.


Package fontspec Info: latinmodern-math scale = 0.9999970497384594.


Package fontspec Info: latinmodern-math scale = 1.000097049443433.


Package fontspec Info: latinmodern-math scale = 0.9999970497384594.


Package fontspec Info: latinmodern-math scale = 1.000097049443433.


Package fontspec Info: Font family 'latinmodern-math.otf(2)' created for font
(fontspec)             'latinmodern-math.otf' with options
(fontspec)             [Scale=MatchLowercase,BoldItalicFont={},ItalicFont={},SmallCapsFont={},Script=Math,SizeFeatures={{Size=10.2-},{Size=7.2-10.2,Font=latinmodern-math.otf,Style=MathScript},{Size=-7.2,Font=latinmodern-math.otf,Style=MathScriptScript}},BoldFont={latinmodern-math.otf},ScaleAgain=1.0001,FontAdjustment={\fontdimen
(fontspec)             8\font =8.124pt\relax \fontdimen 9\font =4.728pt\relax
(fontspec)             \fontdimen 10\font =5.328pt\relax \fontdimen 11\font
(fontspec)             =8.232pt\relax \fontdimen 12\font =4.14pt\relax
(fontspec)             \fontdimen 13\font =4.356pt\relax \fontdimen 14\font
(fontspec)             =4.356pt\relax \fontdimen 15\font =3.468pt\relax
(fontspec)             \fontdimen 16\font =2.964pt\relax \fontdimen 17\font
(fontspec)             =2.964pt\relax \fontdimen 18\font =3.0pt\relax
(fontspec)             \fontdimen 19\font =2.4pt\relax \fontdimen 22\font
(fontspec)             =3.0pt\relax \fontdimen 20\font =0pt\relax \fontdimen
(fontspec)             21\font =0pt\relax }].
(fontspec)              
(fontspec)              This font family consists of the following NFSS
(fontspec)             series/shapes:
(fontspec)              
(fontspec)             - 'normal' (m/n) with NFSS spec.:
(fontspec)             <10.2->s*[1.000097049443433]"[latinmodern-math.otf]/OT:script=math;language=dflt;"<7.2-10.2>s*[1.000097049443433]"[latinmodern-math.otf]/OT:script=math;language=dflt;+ssty=0;"<-7.2>s*[1.000097049443433]"[latinmodern-math.otf]/OT:script=math;language=dflt;+ssty=1;"
(fontspec)             - 'small caps'  (m/sc) with NFSS spec.: 
(fontspec)             and font adjustment code:
(fontspec)             \fontdimen 8\font =8.124pt\relax \fontdimen 9\font
(fontspec)             =4.728pt\relax \fontdimen 10\font =5.328pt\relax
(fontspec)             \fontdimen 11\font =8.232pt\relax \fontdimen 12\font
(fontspec)             =4.14pt\relax \fontdimen 13\font =4.356pt\relax
(fontspec)             \fontdimen 14\font =4.356pt\relax \fontdimen 15\font
(fontspec)             =3.468pt\relax \fontdimen 16\font =2.964pt\relax
(fontspec)             \fontdimen 17\font =2.964pt\relax \fontdimen 18\font
(fontspec)             =3.0pt\relax \fontdimen 19\font =2.4pt\relax \fontdimen
(fontspec)             22\font =3.0pt\relax \fontdimen 20\font =0pt\relax
(fontspec)             \fontdimen 21\font =0pt\relax 
(fontspec)             - 'bold' (b/n) with NFSS spec.:
(fontspec)             <->s*[1.000097049443433]"[latinmodern-math.otf]/OT:script=math;language=dflt;"
(fontspec)             - 'bold small caps'  (b/sc) with NFSS spec.: 
(fontspec)             and font adjustment code:
(fontspec)             \fontdimen 8\font =8.124pt\relax \fontdimen 9\font
(fontspec)             =4.728pt\relax \fontdimen 10\font =5.328pt\relax
(fontspec)             \fontdimen 11\font =8.232pt\relax \fontdimen 12\font
(fontspec)             =4.14pt\relax \fontdimen 13\font =4.356pt\relax
(fontspec)             \fontdimen 14\font =4.356pt\relax \fontdimen 15\font
(fontspec)             =3.468pt\relax \fontdimen 16\font =2.964pt\relax
(fontspec)             \fontdimen 17\font =2.964pt\relax \fontdimen 18\font
(fontspec)             =3.0pt\relax \fontdimen 19\font =2.4pt\relax \fontdimen
(fontspec)             22\font =3.0pt\relax \fontdimen 20\font =0pt\relax
(fontspec)             \fontdimen 21\font =0pt\relax 

LaTeX Font Info:    Encoding `OMS' has changed to `TU' for symbol font
(Font)              `symbols' in the math version `normal' on input line 140.
LaTeX Font Info:    Overwriting symbol font `symbols' in version `normal'
(Font)                  OMS/lmsy/m/n --> TU/latinmodern-math.otf(2)/m/n on input line 140.
LaTeX Font Info:    Encoding `OMS' has changed to `TU' for symbol font
(Font)              `symbols' in the math version `bold' on input line 140.
LaTeX Font Info:    Overwriting symbol font `symbols' in version `bold'
(Font)                  OMS/lmsy/b/n --> TU/latinmodern-math.otf(2)/b/n on input line 140.

Package fontspec Info: latinmodern-math scale = 0.9999970497384594.


Package fontspec Info: latinmodern-math scale = 0.9998970500334856.


Package fontspec Info: latinmodern-math scale = 0.9999970497384594.


Package fontspec Info: latinmodern-math scale = 0.9998970500334856.


Package fontspec Info: latinmodern-math scale = 0.9999970497384594.


Package fontspec Info: latinmodern-math scale = 0.9998970500334856.


Package fontspec Info: latinmodern-math scale = 0.9999970497384594.


Package fontspec Info: latinmodern-math scale = 0.9998970500334856.


Package fontspec Info: latinmodern-math scale = 0.9999970497384594.


Package fontspec Info: latinmodern-math scale = 0.9998970500334856.


Package fontspec Info: Font family 'latinmodern-math.otf(3)' created for font
(fontspec)             'latinmodern-math.otf' with options
(fontspec)             [Scale=MatchLowercase,BoldItalicFont={},ItalicFont={},SmallCapsFont={},Script=Math,SizeFeatures={{Size=10.2-},{Size=7.2-10.2,Font=latinmodern-math.otf,Style=MathScript},{Size=-7.2,Font=latinmodern-math.otf,Style=MathScriptScript}},BoldFont={latinmodern-math.otf},ScaleAgain=0.9999,FontAdjustment={\fontdimen
(fontspec)             8\font =0.48pt\relax \fontdimen 9\font =2.4pt\relax
(fontspec)             \fontdimen 10\font =2.004pt\relax \fontdimen 11\font
(fontspec)             =1.332pt\relax \fontdimen 12\font =7.2pt\relax
(fontspec)             \fontdimen 13\font =0pt\relax }].
(fontspec)              
(fontspec)              This font family consists of the following NFSS
(fontspec)             series/shapes:
(fontspec)              
(fontspec)             - 'normal' (m/n) with NFSS spec.:
(fontspec)             <10.2->s*[0.9998970500334856]"[latinmodern-math.otf]/OT:script=math;language=dflt;"<7.2-10.2>s*[0.9998970500334856]"[latinmodern-math.otf]/OT:script=math;language=dflt;+ssty=0;"<-7.2>s*[0.9998970500334856]"[latinmodern-math.otf]/OT:script=math;language=dflt;+ssty=1;"
(fontspec)             - 'small caps'  (m/sc) with NFSS spec.: 
(fontspec)             and font adjustment code:
(fontspec)             \fontdimen 8\font =0.48pt\relax \fontdimen 9\font
(fontspec)             =2.4pt\relax \fontdimen 10\font =2.004pt\relax
(fontspec)             \fontdimen 11\font =1.332pt\relax \fontdimen 12\font
(fontspec)             =7.2pt\relax \fontdimen 13\font =0pt\relax 
(fontspec)             - 'bold' (b/n) with NFSS spec.:
(fontspec)             <->s*[0.9998970500334856]"[latinmodern-math.otf]/OT:script=math;language=dflt;"
(fontspec)             - 'bold small caps'  (b/sc) with NFSS spec.: 
(fontspec)             and font adjustment code:
(fontspec)             \fontdimen 8\font =0.48pt\relax \fontdimen 9\font
(fontspec)             =2.4pt\relax \fontdimen 10\font =2.004pt\relax
(fontspec)             \fontdimen 11\font =1.332pt\relax \fontdimen 12\font
(fontspec)             =7.2pt\relax \fontdimen 13\font =0pt\relax 

LaTeX Font Info:    Encoding `OMX' has changed to `TU' for symbol font
(Font)              `largesymbols' in the math version `normal' on input line 140.
LaTeX Font Info:    Overwriting symbol font `largesymbols' in version `normal'
(Font)                  OMX/lmex/m/n --> TU/latinmodern-math.otf(3)/m/n on input line 140.
LaTeX Font Info:    Encoding `OMX' has changed to `TU' for symbol font
(Font)              `largesymbols' in the math version `bold' on input line 140.
LaTeX Font Info:    Overwriting symbol font `largesymbols' in version `bold'
(Font)                  OMX/lmex/m/n --> TU/latinmodern-math.otf(3)/b/n on input line 140.
Package hyperref Info: Link coloring OFF on input line 140.
(./MicroEc.out) (./MicroEc.out)
\@outlinefile=\write4
\openout4 = `MicroEc.out'.

LaTeX Font Info:    Font shape `TU/latinmodern-math.otf(1)/m/n' will be
(Font)              scaled to size 14.4pt on input line 142.
LaTeX Font Info:    Font shape `TU/latinmodern-math.otf(1)/m/n' will be
(Font)              scaled to size 10.0pt on input line 142.
LaTeX Font Info:    Font shape `TU/latinmodern-math.otf(1)/m/n' will be
(Font)              scaled to size 7.0pt on input line 142.
LaTeX Font Info:    Trying to load font information for OML+lmm on input line 142.
(/Users/jrenne/Library/TinyTeX/texmf-dist/tex/latex/lm/omllmm.fd
File: omllmm.fd 2015/05/01 v1.6.1 Font defs for Latin Modern
)
LaTeX Font Info:    Font shape `TU/latinmodern-math.otf(2)/m/n' will be
(Font)              scaled to size 14.4013pt on input line 142.
LaTeX Font Info:    Font shape `TU/latinmodern-math.otf(2)/m/n' will be
(Font)              scaled to size 10.00092pt on input line 142.
LaTeX Font Info:    Font shape `TU/latinmodern-math.otf(2)/m/n' will be
(Font)              scaled to size 7.00064pt on input line 142.
LaTeX Font Info:    Font shape `TU/latinmodern-math.otf(3)/m/n' will be
(Font)              scaled to size 14.39845pt on input line 142.
LaTeX Font Info:    Font shape `TU/latinmodern-math.otf(3)/m/n' will be
(Font)              scaled to size 9.99893pt on input line 142.
LaTeX Font Info:    Font shape `TU/latinmodern-math.otf(3)/m/n' will be
(Font)              scaled to size 6.99925pt on input line 142.
LaTeX Font Info:    Trying to load font information for U+msa on input line 142.
(/Users/jrenne/Library/TinyTeX/texmf-dist/tex/latex/amsfonts/umsa.fd
File: umsa.fd 2013/01/14 v3.01 AMS symbols A
)
LaTeX Font Info:    Trying to load font information for U+msb on input line 142.
(/Users/jrenne/Library/TinyTeX/texmf-dist/tex/latex/amsfonts/umsb.fd
File: umsb.fd 2013/01/14 v3.01 AMS symbols B
) [1


] [2

] (./MicroEc.toc
LaTeX Font Info:    Font shape `TU/latinmodern-math.otf(1)/m/n' will be
(Font)              scaled to size 8.4pt on input line 2.
LaTeX Font Info:    Font shape `TU/latinmodern-math.otf(1)/m/n' will be
(Font)              scaled to size 6.0pt on input line 2.
LaTeX Font Info:    Font shape `TU/latinmodern-math.otf(2)/m/n' will be
(Font)              scaled to size 12.0011pt on input line 2.
LaTeX Font Info:    Font shape `TU/latinmodern-math.otf(2)/m/n' will be
(Font)              scaled to size 8.40076pt on input line 2.
LaTeX Font Info:    Font shape `TU/latinmodern-math.otf(2)/m/n' will be
(Font)              scaled to size 6.00055pt on input line 2.
LaTeX Font Info:    Font shape `TU/latinmodern-math.otf(3)/m/n' will be
(Font)              scaled to size 11.99872pt on input line 2.
LaTeX Font Info:    Font shape `TU/latinmodern-math.otf(3)/m/n' will be
(Font)              scaled to size 8.3991pt on input line 2.
LaTeX Font Info:    Font shape `TU/latinmodern-math.otf(3)/m/n' will be
(Font)              scaled to size 5.99936pt on input line 2.
[3])
\tf@toc=\write5
\openout5 = `MicroEc.toc'.

[4]
Underfull \hbox (badness 10000) in paragraph at lines 186--188
[]\TU/lmr/m/n/12 R: []$[][][][][] [] [] [] [][][][] [] [] [][] [][][][][][][] [] [][][] [] [][][] [] [][][][][][][] [] [][][][][][][] [][] [][][][][][][] [] [][] []
 []

[5

]
Overfull \hbox (1.35612pt too wide) in paragraph at lines 188--189
[]\TU/lmr/m/n/12 My own tutorial: []$[][][][][] [] [] [] [][][][][][] [] [][][][][][][][][] [] [][] [] [][][][][] [] [][][][][][][][][][][]$[] 
 []

[6]
Chapter 1.
LaTeX Font Info:    Font shape `TU/latinmodern-math.otf(1)/b/n' will be
(Font)              scaled to size 12.0pt on input line 202.
LaTeX Font Info:    Font shape `TU/latinmodern-math.otf(1)/b/n' will be
(Font)              scaled to size 8.4pt on input line 202.
LaTeX Font Info:    Font shape `TU/latinmodern-math.otf(1)/b/n' will be
(Font)              scaled to size 6.0pt on input line 202.
LaTeX Font Info:    Font shape `TU/latinmodern-math.otf(2)/b/n' will be
(Font)              scaled to size 12.0011pt on input line 202.
LaTeX Font Info:    Font shape `TU/latinmodern-math.otf(2)/b/n' will be
(Font)              scaled to size 8.40076pt on input line 202.
LaTeX Font Info:    Font shape `TU/latinmodern-math.otf(2)/b/n' will be
(Font)              scaled to size 6.00055pt on input line 202.
LaTeX Font Info:    Font shape `TU/latinmodern-math.otf(3)/b/n' will be
(Font)              scaled to size 11.99872pt on input line 202.
LaTeX Font Info:    Font shape `TU/latinmodern-math.otf(3)/b/n' will be
(Font)              scaled to size 8.3991pt on input line 202.
LaTeX Font Info:    Font shape `TU/latinmodern-math.otf(3)/b/n' will be
(Font)              scaled to size 5.99936pt on input line 202.
[7

]
LaTeX Font Info:    Font shape `TU/lmtt/bx/n' in size <12> not available
(Font)              Font shape `TU/lmtt/b/n' tried instead on input line 223.
File: MicroEc_files/figure-latex/simulPanel-1.pdf Graphic file (type pdf)
<use MicroEc_files/figure-latex/simulPanel-1.pdf>
File: MicroEc_files/figure-latex/cigarettes-1.pdf Graphic file (type pdf)
<use MicroEc_files/figure-latex/cigarettes-1.pdf>
[8] [9]

LaTeX Warning: Reference `ChapterLS' on page 10 undefined on input line 320.


LaTeX Warning: Reference `Omitted' on page 10 undefined on input line 322.


LaTeX Warning: Reference `GLS' on page 10 undefined on input line 328.

[10]

LaTeX Warning: Reference `hyp:fullrank' on page 11 undefined on input line 366.


LaTeX Warning: Reference `hyp:exogeneity' on page 11 undefined on input line 366.


LaTeX Warning: Reference `hyp:homoskedasticity' on page 11 undefined on input line 366.


LaTeX Warning: Reference `hyp:noncorrelResid' on page 11 undefined on input line 366.


LaTeX Warning: Reference `thm:GaussMarkov' on page 11 undefined on input line 396.


LaTeX Warning: Reference `prp:asymptOLS' on page 11 undefined on input line 410.

[11]

LaTeX Warning: Reference `eq:Mres' on page 12 undefined on input line 442.


LaTeX Warning: Reference `thm:FW' on page 12 undefined on input line 447.


LaTeX Warning: Reference `eq:OLSFOC' on page 12 undefined on input line 476.

[12] [13] [14] [15] [16]

LaTeX Warning: Reference `eq:betaGLS' on page 17 undefined on input line 661.


LaTeX Warning: Reference `GLS' on page 17 undefined on input line 661.


LaTeX Warning: Reference `GLS' on page 17 undefined on input line 665.


LaTeX Warning: Reference `prp:XXX' on page 17 undefined on input line 681.

[17] [18]
File: MicroEc_files/figure-latex/airbnb-1.pdf Graphic file (type pdf)
<use MicroEc_files/figure-latex/airbnb-1.pdf>
[19] [20]
Overfull \hbox (61.14pt too wide) in paragraph at lines 807--807
[]\TU/lmtt/m/n/12 ## ======================================================================[] 
 []


Overfull \hbox (61.13948pt too wide) in paragraph at lines 807--807
[]\TU/lmtt/m/n/12 ##              ---------------------------------------------------------[] 
 []


Overfull \hbox (61.13982pt too wide) in paragraph at lines 807--807
[]\TU/lmtt/m/n/12 ##              FE (no HAC) No FE (no HAC) FE (with HAC) No FE (with HAC)[] 
 []


Overfull \hbox (17.87965pt too wide) in paragraph at lines 807--807
[]\TU/lmtt/m/n/12 ##                  (1)          (2)            (3)            (4)[] 
 []


Overfull \hbox (61.13948pt too wide) in paragraph at lines 807--807
[]\TU/lmtt/m/n/12 ## ----------------------------------------------------------------------[] 
 []


Overfull \hbox (36.34782pt too wide) in paragraph at lines 807--807
[]\TU/lmtt/m/n/12 ## bedrooms      7.229***      5.629**       7.229***        5.629***[] 
 []


Overfull \hbox (30.2277pt too wide) in paragraph at lines 807--807
[]\TU/lmtt/m/n/12 ##                (2.135)      (2.194)        (2.052)        (2.073)[] 
 []


Overfull \hbox (36.34789pt too wide) in paragraph at lines 807--807
[]\TU/lmtt/m/n/12 ## accommodates  16.426***    17.449***      16.426***      17.449***[] 
 []


Overfull \hbox (30.2397pt too wide) in paragraph at lines 807--807
[]\TU/lmtt/m/n/12 ##                (1.284)      (1.323)        (1.431)        (1.428)[] 
 []


Overfull \hbox (36.37184pt too wide) in paragraph at lines 807--807
[]\TU/lmtt/m/n/12 ## Constant      95.118***    68.417***      95.118***      68.417***[] 
 []


Overfull \hbox (30.21571pt too wide) in paragraph at lines 807--807
[]\TU/lmtt/m/n/12 ##                (5.323)      (3.223)        (5.664)        (3.527)[] 
 []


Overfull \hbox (61.13948pt too wide) in paragraph at lines 807--807
[]\TU/lmtt/m/n/12 ## ----------------------------------------------------------------------[] 
 []


Overfull \hbox (17.8797pt too wide) in paragraph at lines 807--807
[]\TU/lmtt/m/n/12 ## District FE      Yes           No            Yes             No[] 
 []


Overfull \hbox (61.13948pt too wide) in paragraph at lines 807--807
[]\TU/lmtt/m/n/12 ## ----------------------------------------------------------------------[] 
 []


Overfull \hbox (24.05974pt too wide) in paragraph at lines 807--807
[]\TU/lmtt/m/n/12 ## Observations    1,321        1,321          1,321          1,321[] 
 []


Overfull \hbox (61.14pt too wide) in paragraph at lines 807--807
[]\TU/lmtt/m/n/12 ## ======================================================================[] 
 []


Overfull \hbox (61.1397pt too wide) in paragraph at lines 807--807
[]\TU/lmtt/m/n/12 ## Note:                                      *p<0.1; **p<0.05; ***p<0.01[] 
 []

File: MicroEc_files/figure-latex/airbnb3-1.pdf Graphic file (type pdf)
<use MicroEc_files/figure-latex/airbnb3-1.pdf>
[21]

LaTeX Warning: Reference `Clusters' on page 22 undefined on input line 821.

[22] [23]
File: MicroEc_files/figure-latex/dynpanel1-1.pdf Graphic file (type pdf)
<use MicroEc_files/figure-latex/dynpanel1-1.pdf>

LaTeX Warning: Reference `eq:IV' on page 24 undefined on input line 868.


LaTeX Warning: Reference `IV' on page 24 undefined on input line 868.

[24] [25] [26]
Overfull \hbox (5.44783pt too wide) in paragraph at lines 1007--1007
[]\TU/lmtt/m/n/12 ## L1.emp      0.686226    0.144594       4.746      < 2e-16 ***[] 
 []


Overfull \hbox (5.49585pt too wide) in paragraph at lines 1007--1007
[]\TU/lmtt/m/n/12 ## L0.wage    -0.607821    0.178205      -3.411      0.00065 ***[] 
 []

[27]
Overfull \hbox (5.44786pt too wide) in paragraph at lines 1007--1007
[]\TU/lmtt/m/n/12 ## L0.capital  0.356846    0.059020       6.046      < 2e-16 ***[] 
 []


Overfull \hbox (5.49583pt too wide) in paragraph at lines 1007--1007
[]\TU/lmtt/m/n/12 ## L0.output   0.608506    0.172531       3.527      0.00042 ***[] 
 []


Overfull \hbox (11.69984pt too wide) in paragraph at lines 1007--1007
[]\TU/lmtt/m/n/12 ## Signif. codes:  0 '***' 0.001 '**' 0.01 '*' 0.05 '.' 0.1 ' ' 1[] 
 []


Overfull \hbox (17.8799pt too wide) in paragraph at lines 1007--1007
[]\TU/lmtt/m/n/12 ## J-Test (overid restrictions):  70.82 with 25 DF, pvalue: <0.001[] 
 []


Overfull \hbox (5.50792pt too wide) in paragraph at lines 1007--1007
[]\TU/lmtt/m/n/12 ## F-Statistic (slope coeff):  528.06 with 10 DF, pvalue: <0.001[] 
 []


Overfull \hbox (67.31981pt too wide) in paragraph at lines 1018--1018
[]\TU/lmtt/m/n/12 ##      L1.emp      L2.emp     L0.wage     L1.wage  L0.capital  L1.capital[] 
 []


Overfull \hbox (67.19994pt too wide) in paragraph at lines 1018--1018
[]\TU/lmtt/m/n/12 ##  0.62870890 -0.06518800 -0.52575951  0.31128961  0.27836190  0.01409950[] 
 []


Overfull \hbox (67.2838pt too wide) in paragraph at lines 1018--1018
[]\TU/lmtt/m/n/12 ##  L2.capital   L0.output   L1.output   L2.output        1979        1980[] 
 []


Overfull \hbox (67.23595pt too wide) in paragraph at lines 1018--1018
[]\TU/lmtt/m/n/12 ## -0.04024847  0.59192286 -0.56598515  0.10054264  0.01121551  0.02306871[] 
 []

[28]
Overfull \hbox (5.49594pt too wide) in paragraph at lines 1037--1037
[]\TU/lmtt/m/n/12 ##  Arellano and Bond (1991) serial correlation test of degree 3[] 
 []


Overfull \hbox (73.49994pt too wide) in paragraph at lines 1037--1037
[]\TU/lmtt/m/n/12 ## alternative hypothesis: serial correlation of order 3 in the error terms[] 
 []

[29] [30] [31]
Overfull \hbox (21.33046pt too wide) detected at line 1141
[]
 []

File: images/Abadie_et_al_2018.pdf Graphic file (type pdf)
<use images/Abadie_et_al_2018.pdf>
[32]
File: images/Figure_Meyer_et_al.pdf Graphic file (type pdf)
<use images/Figure_Meyer_et_al.pdf>
[33] [34] [35] [36

]
Chapter 2.
[37]

LaTeX Warning: Reference `GLS' on page 38 undefined on input line 1292.


LaTeX Warning: Reference `def:covstat' on page 38 undefined on input line 1303.

[38]

LaTeX Warning: Reference `def:LRV' on page 39 undefined on input line 1307.


LaTeX Warning: Reference `eq:NWest' on page 39 undefined on input line 1313.

[39]

LaTeX Warning: Reference `eq:W1' on page 40 undefined on input line 1357.


LaTeX Warning: Reference `Ftest' on page 40 undefined on input line 1357.

[40] [41] [42] [43] [44]
File: MicroEc_files/figure-latex/MLE1-1.pdf Graphic file (type pdf)
<use MicroEc_files/figure-latex/MLE1-1.pdf>
[45]
File: MicroEc_files/figure-latex/MLE2-1.pdf Graphic file (type pdf)
<use MicroEc_files/figure-latex/MLE2-1.pdf>
File: MicroEc_files/figure-latex/MLE3-1.pdf Graphic file (type pdf)
<use MicroEc_files/figure-latex/MLE3-1.pdf>
[46] [47] [48]
Overfull \hbox (39.35138pt too wide) in paragraph at lines 1695--1696
[]\TU/lmr/m/n/12 The Cauchy-Schwarz inequality implies that $[] []
 []


Overfull \hbox (15.6153pt too wide) in paragraph at lines 1695--1696
[][][][][][][][][][][][] [][][][] [][][][][]$\TU/lmr/m/n/12 . Now, $[][][][][][][][][] [][][][] [][][] [] [][] [][][][][][][][][] [][][][] []
 []

[49] [50] [51]
File: MicroEc_files/figure-latex/smiData-1.pdf Graphic file (type pdf)
<use MicroEc_files/figure-latex/smiData-1.pdf>
[52] [53] [54] [55]
File: MicroEc_files/figure-latex/smidistri-1.pdf Graphic file (type pdf)
<use MicroEc_files/figure-latex/smidistri-1.pdf>

Underfull \vbox (badness 10000) has occurred while \output is active []

[56] [57] [58]
LaTeX Font Info:    Font shape `TU/latinmodern-math.otf(1)/b/n' will be
(Font)              scaled to size 10.0pt on input line 2091.
LaTeX Font Info:    Font shape `TU/latinmodern-math.otf(1)/b/n' will be
(Font)              scaled to size 7.0pt on input line 2091.
LaTeX Font Info:    Font shape `TU/latinmodern-math.otf(1)/b/n' will be
(Font)              scaled to size 5.0pt on input line 2091.
LaTeX Font Info:    Font shape `TU/latinmodern-math.otf(2)/b/n' will be
(Font)              scaled to size 10.00092pt on input line 2091.
LaTeX Font Info:    Font shape `TU/latinmodern-math.otf(2)/b/n' will be
(Font)              scaled to size 7.00064pt on input line 2091.
LaTeX Font Info:    Font shape `TU/latinmodern-math.otf(2)/b/n' will be
(Font)              scaled to size 5.00046pt on input line 2091.
LaTeX Font Info:    Font shape `TU/latinmodern-math.otf(3)/b/n' will be
(Font)              scaled to size 9.99893pt on input line 2091.
LaTeX Font Info:    Font shape `TU/latinmodern-math.otf(3)/b/n' will be
(Font)              scaled to size 6.99925pt on input line 2091.
LaTeX Font Info:    Font shape `TU/latinmodern-math.otf(3)/b/n' will be
(Font)              scaled to size 4.99947pt on input line 2091.
[59] [60] [61] [62]

LaTeX Warning: Reference `ARsection' on page 63 undefined on input line 2182.

[63]
File: MicroEc_files/figure-latex/MCMC1-1.pdf Graphic file (type pdf)
<use MicroEc_files/figure-latex/MCMC1-1.pdf>
[64] [65] [66]
File: MicroEc_files/figure-latex/MCMC8-1.pdf Graphic file (type pdf)
<use MicroEc_files/figure-latex/MCMC8-1.pdf>
[67] [68]
Chapter 3.
[69

]

LaTeX Warning: Reference `hyp:exogeneity' on page 70 undefined on input line 2373.


LaTeX Warning: Reference `hyp:noncorrelResid' on page 70 undefined on input line 2373.


LaTeX Warning: Reference `hyp:homoskedasticity' on page 70 undefined on input line 2373.

File: MicroEc_files/figure-latex/LPM-1.pdf Graphic file (type pdf)
<use MicroEc_files/figure-latex/LPM-1.pdf>
[70]
File: MicroEc_files/figure-latex/ProbLogit-1.pdf Graphic file (type pdf)
<use MicroEc_files/figure-latex/ProbLogit-1.pdf>

Overfull \vbox (244.11205pt too high) has occurred while \output is active []

[71]
File: MicroEc_files/figure-latex/LPM2-1.pdf Graphic file (type pdf)
<use MicroEc_files/figure-latex/LPM2-1.pdf>
[72]
File: MicroEc_files/figure-latex/Latent-1.pdf Graphic file (type pdf)
<use MicroEc_files/figure-latex/Latent-1.pdf>
[73] [74] [75] [76]
Overfull \hbox (11.28044pt too wide) in paragraph at lines 2609--2610
[]\TU/lmr/m/n/12 For agent $[]$, this marginal effect is consistently estimated by $[][][][][][][][][][]$.
 []


Overfull \hbox (8.44849pt too wide) in paragraph at lines 2615--2617
[]\TU/lmr/m/n/12 Denoting by $[]$ the sample average of the $[][]$s, compute $[][][][][][][][][]$. 
 []

[77]
File: MicroEc_files/figure-latex/Probitlending-1.pdf Graphic file (type pdf)
<use MicroEc_files/figure-latex/Probitlending-1.pdf>

Underfull \vbox (badness 10000) has occurred while \output is active []

[78] [79] [80]
Overfull \hbox (11.69972pt too wide) in paragraph at lines 2740--2740
[]\TU/lmtt/m/n/12 ##          (Intercept)               gradeB               gradeC[] 
 []


Overfull \hbox (11.6758pt too wide) in paragraph at lines 2740--2740
[]\TU/lmtt/m/n/12 ##          0.840731198          0.070747353          0.103944305[] 
 []


Overfull \hbox (11.69968pt too wide) in paragraph at lines 2740--2740
[]\TU/lmtt/m/n/12 ##               gradeD               gradeE               gradeF[] 
 []


Overfull \hbox (11.67581pt too wide) in paragraph at lines 2740--2740
[]\TU/lmtt/m/n/12 ##          0.145089219          0.154773742          0.217702041[] 
 []


Overfull \hbox (11.69977pt too wide) in paragraph at lines 2740--2740
[]\TU/lmtt/m/n/12 ##               gradeG       log(loan_amnt)           amt2income[] 
 []


Overfull \hbox (11.62779pt too wide) in paragraph at lines 2740--2740
[]\TU/lmtt/m/n/12 ##          0.254722161         -0.034289921          0.216251992[] 
 []


Overfull \hbox (11.69989pt too wide) in paragraph at lines 2740--2740
[]\TU/lmtt/m/n/12 ##          delinq_2yrs      log(annual_inc) I(log(annual_inc)^2)[] 
 []


Overfull \hbox (11.6638pt too wide) in paragraph at lines 2740--2740
[]\TU/lmtt/m/n/12 ##          0.001574178         -0.154701321          0.006813694[] 
 []

[81] [82]
Overfull \hbox (24.05998pt too wide) in paragraph at lines 2842--2842
[]\TU/lmtt/m/n/12 ## ================================================================[] 
 []


Overfull \hbox (24.05952pt too wide) in paragraph at lines 2842--2842
[]\TU/lmtt/m/n/12 ##                     --------------------------------------------[] 
 []


Overfull \hbox (24.05952pt too wide) in paragraph at lines 2842--2842
[]\TU/lmtt/m/n/12 ## ----------------------------------------------------------------[] 
 []


Overfull \hbox (24.05952pt too wide) in paragraph at lines 2842--2842
[]\TU/lmtt/m/n/12 ## ----------------------------------------------------------------[] 
 []


Overfull \hbox (24.04774pt too wide) in paragraph at lines 2842--2842
[]\TU/lmtt/m/n/12 ## F Statistic                             542.123*** (df = 1; 628)[] 
 []


Overfull \hbox (24.05998pt too wide) in paragraph at lines 2842--2842
[]\TU/lmtt/m/n/12 ## ================================================================[] 
 []


Overfull \hbox (24.05974pt too wide) in paragraph at lines 2842--2842
[]\TU/lmtt/m/n/12 ## Note:                                *p<0.1; **p<0.05; ***p<0.01[] 
 []

[83]
File: MicroEc_files/figure-latex/fishing3-1.pdf Graphic file (type pdf)
<use MicroEc_files/figure-latex/fishing3-1.pdf>
[84] [85] [86] [87] [88] [89] [90]
Overfull \hbox (17.87999pt too wide) in paragraph at lines 3143--3143
[]\TU/lmtt/m/n/12 ## ===============================================================[] 
 []


Overfull \hbox (17.87953pt too wide) in paragraph at lines 3143--3143
[]\TU/lmtt/m/n/12 ##                     -------------------------------------------[] 
 []


Overfull \hbox (17.87953pt too wide) in paragraph at lines 3143--3143
[]\TU/lmtt/m/n/12 ## ---------------------------------------------------------------[] 
 []


Overfull \hbox (5.50784pt too wide) in paragraph at lines 3143--3143
[]\TU/lmtt/m/n/12 ## (Intercept):boat     0.871***              0.739***   0.527**[] 
 []


Overfull \hbox (5.50769pt too wide) in paragraph at lines 3143--3143
[]\TU/lmtt/m/n/12 ##                      (0.114)               (0.197)    (0.223)[] 
 []


Overfull \hbox (11.65186pt too wide) in paragraph at lines 3143--3143
[]\TU/lmtt/m/n/12 ## (Intercept):charter  1.499***              1.341***   1.694***[] 
 []


Overfull \hbox (5.50769pt too wide) in paragraph at lines 3143--3143
[]\TU/lmtt/m/n/12 ##                      (0.133)               (0.195)    (0.224)[] 
 []


Overfull \hbox (11.69984pt too wide) in paragraph at lines 3143--3143
[]\TU/lmtt/m/n/12 ## (Intercept):pier     0.307***              0.814***   0.778***[] 
 []


Overfull \hbox (5.50769pt too wide) in paragraph at lines 3143--3143
[]\TU/lmtt/m/n/12 ##                      (0.115)               (0.229)    (0.220)[] 
 []


Overfull \hbox (11.69975pt too wide) in paragraph at lines 3143--3143
[]\TU/lmtt/m/n/12 ## price               -0.025***  -0.020***             -0.025***[] 
 []


Overfull \hbox (5.51968pt too wide) in paragraph at lines 3143--3143
[]\TU/lmtt/m/n/12 ##                      (0.002)    (0.001)               (0.002)[] 
 []


Overfull \hbox (11.68776pt too wide) in paragraph at lines 3143--3143
[]\TU/lmtt/m/n/12 ## catch                0.377***   0.953***              0.358***[] 
 []


Overfull \hbox (5.50769pt too wide) in paragraph at lines 3143--3143
[]\TU/lmtt/m/n/12 ##                      (0.110)    (0.089)               (0.110)[] 
 []


Overfull \hbox (5.51974pt too wide) in paragraph at lines 3143--3143
[]\TU/lmtt/m/n/12 ## income:boat                                0.0001**   0.0001*[] 
 []


Overfull \hbox (11.69966pt too wide) in paragraph at lines 3143--3143
[]\TU/lmtt/m/n/12 ##                                           (0.00004)   (0.0001)[] 
 []


Overfull \hbox (11.69977pt too wide) in paragraph at lines 3143--3143
[]\TU/lmtt/m/n/12 ## income:charter                             -0.00003   -0.00003[] 
 []


Overfull \hbox (11.69966pt too wide) in paragraph at lines 3143--3143
[]\TU/lmtt/m/n/12 ##                                           (0.00004)   (0.0001)[] 
 []


Overfull \hbox (11.69977pt too wide) in paragraph at lines 3143--3143
[]\TU/lmtt/m/n/12 ## income:pier                               -0.0001*** -0.0001**[] 
 []


Overfull \hbox (11.69966pt too wide) in paragraph at lines 3143--3143
[]\TU/lmtt/m/n/12 ##                                            (0.0001)   (0.0001)[] 
 []


Overfull \hbox (17.87953pt too wide) in paragraph at lines 3143--3143
[]\TU/lmtt/m/n/12 ## ---------------------------------------------------------------[] 
 []


Overfull \hbox (17.86795pt too wide) in paragraph at lines 3143--3143
[]\TU/lmtt/m/n/12 ## Log Likelihood      -1,230.784 -1,311.980 -1,477.151 -1,215.138[] 
 []

[91]
Overfull \hbox (17.87999pt too wide) in paragraph at lines 3143--3143
[]\TU/lmtt/m/n/12 ## ===============================================================[] 
 []


Overfull \hbox (17.87975pt too wide) in paragraph at lines 3143--3143
[]\TU/lmtt/m/n/12 ## Note:                               *p<0.1; **p<0.05; ***p<0.01[] 
 []


Underfull \vbox (badness 7308) has occurred while \output is active []

[92] [93]
File: MicroEc_files/figure-latex/Gumbel-1.pdf Graphic file (type pdf)
<use MicroEc_files/figure-latex/Gumbel-1.pdf>
[94] [95] [96]
File: images/Figure_GEV.png Graphic file (type bmp)
<images/Figure_GEV.png>
[97] [98] [99]

LaTeX Font Warning: Font shape `TU/lmtt/bx/it' in size <12> not available
(Font)              Font shape `TU/lmtt/b/sl' tried instead on input line 3368.

[100] [101]
File: MicroEc_files/figure-latex/tobit1-1.pdf Graphic file (type pdf)
<use MicroEc_files/figure-latex/tobit1-1.pdf>
[102] [103]
File: MicroEc_files/figure-latex/tobit2-1.pdf Graphic file (type pdf)
<use MicroEc_files/figure-latex/tobit2-1.pdf>
[104]
File: MicroEc_files/figure-latex/tobit3-1.pdf Graphic file (type pdf)
<use MicroEc_files/figure-latex/tobit3-1.pdf>
[105] [106]
Overfull \hbox (61.14pt too wide) in paragraph at lines 3647--3647
[]\TU/lmtt/m/n/12 ## ======================================================================[] 
 []

[107]
Overfull \hbox (61.13948pt too wide) in paragraph at lines 3647--3647
[]\TU/lmtt/m/n/12 ##                     --------------------------------------------------[] 
 []


Overfull \hbox (17.87964pt too wide) in paragraph at lines 3647--3647
[]\TU/lmtt/m/n/12 ##                           OLS           Heckman           Tobit[] 
 []


Overfull \hbox (11.69963pt too wide) in paragraph at lines 3647--3647
[]\TU/lmtt/m/n/12 ##                           (1)             (2)              (3)[] 
 []


Overfull \hbox (61.13948pt too wide) in paragraph at lines 3647--3647
[]\TU/lmtt/m/n/12 ## ----------------------------------------------------------------------[] 
 []


Overfull \hbox (24.03575pt too wide) in paragraph at lines 3647--3647
[]\TU/lmtt/m/n/12 ## educ                    0.481***       0.759***         0.642***[] 
 []


Overfull \hbox (24.04767pt too wide) in paragraph at lines 3647--3647
[]\TU/lmtt/m/n/12 ##                         (0.067)         (0.270)          (0.081)[] 
 []


Overfull \hbox (24.04768pt too wide) in paragraph at lines 3647--3647
[]\TU/lmtt/m/n/12 ## exper                    0.032           0.430          0.461***[] 
 []


Overfull \hbox (24.01169pt too wide) in paragraph at lines 3647--3647
[]\TU/lmtt/m/n/12 ##                         (0.062)         (0.369)          (0.068)[] 
 []


Overfull \hbox (30.22774pt too wide) in paragraph at lines 3647--3647
[]\TU/lmtt/m/n/12 ## I(exper2)               -0.0003         -0.008          -0.009***[] 
 []


Overfull \hbox (24.05966pt too wide) in paragraph at lines 3647--3647
[]\TU/lmtt/m/n/12 ##                         (0.002)         (0.008)          (0.002)[] 
 []


Overfull \hbox (17.86768pt too wide) in paragraph at lines 3647--3647
[]\TU/lmtt/m/n/12 ## city                     0.449           0.113           -0.087[] 
 []


Overfull \hbox (24.05966pt too wide) in paragraph at lines 3647--3647
[]\TU/lmtt/m/n/12 ##                         (0.318)         (0.522)          (0.378)[] 
 []


Overfull \hbox (30.21576pt too wide) in paragraph at lines 3647--3647
[]\TU/lmtt/m/n/12 ## Constant               -2.561***        -12.251        -10.395***[] 
 []


Overfull \hbox (24.02368pt too wide) in paragraph at lines 3647--3647
[]\TU/lmtt/m/n/12 ##                         (0.929)         (8.853)          (1.095)[] 
 []


Overfull \hbox (61.13948pt too wide) in paragraph at lines 3647--3647
[]\TU/lmtt/m/n/12 ## ----------------------------------------------------------------------[] 
 []


Overfull \hbox (11.69972pt too wide) in paragraph at lines 3647--3647
[]\TU/lmtt/m/n/12 ## Observations              428             753              753[] 
 []


Overfull \hbox (30.2277pt too wide) in paragraph at lines 3647--3647
[]\TU/lmtt/m/n/12 ## Log Likelihood                                         -1,462.700[] 
 []


Overfull \hbox (61.12766pt too wide) in paragraph at lines 3647--3647
[]\TU/lmtt/m/n/12 ## Wald Test                                          153.892*** (df = 4)[] 
 []


Overfull \hbox (61.14pt too wide) in paragraph at lines 3647--3647
[]\TU/lmtt/m/n/12 ## ======================================================================[] 
 []


Overfull \hbox (61.1397pt too wide) in paragraph at lines 3647--3647
[]\TU/lmtt/m/n/12 ## Note:                                      *p<0.1; **p<0.05; ***p<0.01[] 
 []

File: MicroEc_files/figure-latex/tobit5-1.pdf Graphic file (type pdf)
<use MicroEc_files/figure-latex/tobit5-1.pdf>
[108] [109] [110]
File: MicroEc_files/figure-latex/SampleSelec-1.pdf Graphic file (type pdf)
<use MicroEc_files/figure-latex/SampleSelec-1.pdf>
[111] [112] [113] [114]
Overfull \hbox (42.59999pt too wide) in paragraph at lines 3874--3874
[]\TU/lmtt/m/n/12 ## ===================================================================[] 
 []


Overfull \hbox (42.5995pt too wide) in paragraph at lines 3874--3874
[]\TU/lmtt/m/n/12 ##                     -----------------------------------------------[] 
 []


Overfull \hbox (30.23973pt too wide) in paragraph at lines 3874--3874
[]\TU/lmtt/m/n/12 ##                     logistic   probit      Heckman      selection[] 
 []


Overfull \hbox (11.69966pt too wide) in paragraph at lines 3874--3874
[]\TU/lmtt/m/n/12 ##                        (1)       (2)         (3)           (4)[] 
 []


Overfull \hbox (42.5995pt too wide) in paragraph at lines 3874--3874
[]\TU/lmtt/m/n/12 ## -------------------------------------------------------------------[] 
 []


Overfull \hbox (17.87968pt too wide) in paragraph at lines 3874--3874
[]\TU/lmtt/m/n/12 ## age                   0.012     0.010       0.010         0.010[] 
 []

[115]
Overfull \hbox (23.98775pt too wide) in paragraph at lines 3874--3874
[]\TU/lmtt/m/n/12 ##                      (0.114)   (0.069)     (0.069)       (0.069)[] 
 []


Overfull \hbox (24.05975pt too wide) in paragraph at lines 3874--3874
[]\TU/lmtt/m/n/12 ## I(age2)              -0.001    -0.0005     -0.0005       -0.0005[] 
 []


Overfull \hbox (24.05971pt too wide) in paragraph at lines 3874--3874
[]\TU/lmtt/m/n/12 ##                      (0.001)   (0.001)     (0.001)       (0.001)[] 
 []


Overfull \hbox (30.2278pt too wide) in paragraph at lines 3874--3874
[]\TU/lmtt/m/n/12 ## kids5               -1.409*** -0.855***   -0.855***     -0.854***[] 
 []


Overfull \hbox (24.02373pt too wide) in paragraph at lines 3874--3874
[]\TU/lmtt/m/n/12 ##                      (0.198)   (0.116)     (0.115)       (0.116)[] 
 []


Overfull \hbox (30.21582pt too wide) in paragraph at lines 3874--3874
[]\TU/lmtt/m/n/12 ## huswage             -0.069*** -0.042***   -0.042***     -0.042***[] 
 []


Overfull \hbox (24.05971pt too wide) in paragraph at lines 3874--3874
[]\TU/lmtt/m/n/12 ##                      (0.020)   (0.012)     (0.012)       (0.013)[] 
 []


Overfull \hbox (24.0598pt too wide) in paragraph at lines 3874--3874
[]\TU/lmtt/m/n/12 ## educ                0.244***  0.148***    0.148***      0.148***[] 
 []


Overfull \hbox (24.05971pt too wide) in paragraph at lines 3874--3874
[]\TU/lmtt/m/n/12 ##                      (0.040)   (0.024)     (0.023)       (0.024)[] 
 []


Overfull \hbox (17.8318pt too wide) in paragraph at lines 3874--3874
[]\TU/lmtt/m/n/12 ## Constant             -0.938    -0.620      -0.620        -0.615[] 
 []


Overfull \hbox (24.03572pt too wide) in paragraph at lines 3874--3874
[]\TU/lmtt/m/n/12 ##                      (2.508)   (1.506)     (1.516)       (1.518)[] 
 []


Overfull \hbox (42.5995pt too wide) in paragraph at lines 3874--3874
[]\TU/lmtt/m/n/12 ## -------------------------------------------------------------------[] 
 []


Overfull \hbox (11.69975pt too wide) in paragraph at lines 3874--3874
[]\TU/lmtt/m/n/12 ## Observations           753       753         753           753[] 
 []


Overfull \hbox (23.99982pt too wide) in paragraph at lines 3874--3874
[]\TU/lmtt/m/n/12 ## Log Likelihood      -459.955  -459.901                  -891.177[] 
 []


Overfull \hbox (42.59964pt too wide) in paragraph at lines 3874--3874
[]\TU/lmtt/m/n/12 ## rho                                         0.018     0.014 (0.203)[] 
 []


Overfull \hbox (42.59999pt too wide) in paragraph at lines 3874--3874
[]\TU/lmtt/m/n/12 ## ===================================================================[] 
 []


Overfull \hbox (42.59972pt too wide) in paragraph at lines 3874--3874
[]\TU/lmtt/m/n/12 ## Note:                                   *p<0.1; **p<0.05; ***p<0.01[] 
 []


Overfull \hbox (24.05998pt too wide) in paragraph at lines 3913--3913
[]\TU/lmtt/m/n/12 ## ================================================================[] 
 []


Overfull \hbox (24.05952pt too wide) in paragraph at lines 3913--3913
[]\TU/lmtt/m/n/12 ##                     --------------------------------------------[] 
 []


Overfull \hbox (11.69968pt too wide) in paragraph at lines 3913--3913
[]\TU/lmtt/m/n/12 ##                           OLS           Heckman      selection[] 
 []


Overfull \hbox (24.05952pt too wide) in paragraph at lines 3913--3913
[]\TU/lmtt/m/n/12 ## ----------------------------------------------------------------[] 
 []


Overfull \hbox (5.48378pt too wide) in paragraph at lines 3913--3913
[]\TU/lmtt/m/n/12 ## educ                    0.106***       0.106***      0.106***[] 
 []


Overfull \hbox (5.51968pt too wide) in paragraph at lines 3913--3913
[]\TU/lmtt/m/n/12 ##                         (0.014)         (0.017)       (0.017)[] 
 []


Overfull \hbox (5.51976pt too wide) in paragraph at lines 3913--3913
[]\TU/lmtt/m/n/12 ## exper                   0.041***       0.041***      0.041***[] 
 []

[116]
Overfull \hbox (5.51968pt too wide) in paragraph at lines 3913--3913
[]\TU/lmtt/m/n/12 ##                         (0.013)         (0.013)       (0.013)[] 
 []


Overfull \hbox (5.51979pt too wide) in paragraph at lines 3913--3913
[]\TU/lmtt/m/n/12 ## I(exper2)               -0.001**       -0.001**      -0.001**[] 
 []


Overfull \hbox (5.51973pt too wide) in paragraph at lines 3913--3913
[]\TU/lmtt/m/n/12 ##                         (0.0004)       (0.0004)      (0.0004)[] 
 []


Overfull \hbox (5.45972pt too wide) in paragraph at lines 3913--3913
[]\TU/lmtt/m/n/12 ##                         (0.068)         (0.069)       (0.069)[] 
 []


Overfull \hbox (5.51978pt too wide) in paragraph at lines 3913--3913
[]\TU/lmtt/m/n/12 ## Constant               -0.531***        -0.547*      -0.544**[] 
 []


Overfull \hbox (5.4837pt too wide) in paragraph at lines 3913--3913
[]\TU/lmtt/m/n/12 ##                         (0.199)         (0.289)       (0.272)[] 
 []


Overfull \hbox (24.05952pt too wide) in paragraph at lines 3913--3913
[]\TU/lmtt/m/n/12 ## ----------------------------------------------------------------[] 
 []


Overfull \hbox (5.50772pt too wide) in paragraph at lines 3913--3913
[]\TU/lmtt/m/n/12 ## Log Likelihood                                       -891.177[] 
 []


Overfull \hbox (24.05966pt too wide) in paragraph at lines 3913--3913
[]\TU/lmtt/m/n/12 ## rho                                      0.018     0.014 (0.203)[] 
 []


Overfull \hbox (24.05998pt too wide) in paragraph at lines 3913--3913
[]\TU/lmtt/m/n/12 ## ================================================================[] 
 []


Overfull \hbox (24.05974pt too wide) in paragraph at lines 3913--3913
[]\TU/lmtt/m/n/12 ## Note:                                *p<0.1; **p<0.05; ***p<0.01[] 
 []

[117] [118] [119]
File: MicroEc_files/figure-latex/countdata1-1.pdf Graphic file (type pdf)
<use MicroEc_files/figure-latex/countdata1-1.pdf>
[120]
Overfull \hbox (79.68001pt too wide) in paragraph at lines 4091--4091
[]\TU/lmtt/m/n/12 ## =========================================================================[] 
 []


Overfull \hbox (79.67946pt too wide) in paragraph at lines 4091--4091
[]\TU/lmtt/m/n/12 ##                   -------------------------------------------------------[] 
 []


Overfull \hbox (36.41963pt too wide) in paragraph at lines 4091--4091
[]\TU/lmtt/m/n/12 ##                      (1)        (2)           (3)              (4)[] 
 []


Overfull \hbox (79.67946pt too wide) in paragraph at lines 4091--4091
[]\TU/lmtt/m/n/12 ## -------------------------------------------------------------------------[] 
 []


Overfull \hbox (54.95975pt too wide) in paragraph at lines 4091--4091
[]\TU/lmtt/m/n/12 ## LC                -0.155***  -0.051***     -0.057***        -0.058***[] 
 []


Overfull \hbox (48.75569pt too wide) in paragraph at lines 4091--4091
[]\TU/lmtt/m/n/12 ##                    (0.020)    (0.003)       (0.006)          (0.006)[] 
 []


Overfull \hbox (54.93578pt too wide) in paragraph at lines 4091--4091
[]\TU/lmtt/m/n/12 ## idp               -0.546***  -0.183***     -0.212***        -0.268***[] 
 []


Overfull \hbox (48.77968pt too wide) in paragraph at lines 4091--4091
[]\TU/lmtt/m/n/12 ##                    (0.075)    (0.011)       (0.023)          (0.023)[] 
 []


Overfull \hbox (54.94777pt too wide) in paragraph at lines 4091--4091
[]\TU/lmtt/m/n/12 ## lpi               0.230***   0.095***       0.088***         0.041***[] 
 []

[121]
Overfull \hbox (48.77968pt too wide) in paragraph at lines 4091--4091
[]\TU/lmtt/m/n/12 ##                    (0.012)    (0.002)       (0.004)          (0.004)[] 
 []


Overfull \hbox (54.94777pt too wide) in paragraph at lines 4091--4091
[]\TU/lmtt/m/n/12 ## fmde              -0.073***  -0.029***     -0.030***        -0.038***[] 
 []


Overfull \hbox (48.77968pt too wide) in paragraph at lines 4091--4091
[]\TU/lmtt/m/n/12 ##                    (0.012)    (0.002)       (0.004)          (0.003)[] 
 []


Overfull \hbox (54.91179pt too wide) in paragraph at lines 4091--4091
[]\TU/lmtt/m/n/12 ## physlm            0.945***   0.217***       0.229***         0.269***[] 
 []


Overfull \hbox (48.77968pt too wide) in paragraph at lines 4091--4091
[]\TU/lmtt/m/n/12 ##                    (0.104)    (0.013)       (0.031)          (0.030)[] 
 []


Overfull \hbox (54.94777pt too wide) in paragraph at lines 4091--4091
[]\TU/lmtt/m/n/12 ## disea             0.177***   0.050***       0.062***         0.038***[] 
 []


Overfull \hbox (48.7797pt too wide) in paragraph at lines 4091--4091
[]\TU/lmtt/m/n/12 ##                    (0.004)   (0.0005)       (0.001)          (0.001)[] 
 []


Overfull \hbox (54.93578pt too wide) in paragraph at lines 4091--4091
[]\TU/lmtt/m/n/12 ## hlthg             0.270***   0.126***       0.068***         -0.044**[] 
 []


Overfull \hbox (48.7437pt too wide) in paragraph at lines 4091--4091
[]\TU/lmtt/m/n/12 ##                    (0.066)    (0.009)       (0.020)          (0.020)[] 
 []


Overfull \hbox (42.58774pt too wide) in paragraph at lines 4091--4091
[]\TU/lmtt/m/n/12 ## hlthf             0.455***   0.149***       0.084**           0.017[] 
 []


Overfull \hbox (48.75569pt too wide) in paragraph at lines 4091--4091
[]\TU/lmtt/m/n/12 ##                    (0.123)    (0.016)       (0.037)          (0.036)[] 
 []


Overfull \hbox (48.76775pt too wide) in paragraph at lines 4091--4091
[]\TU/lmtt/m/n/12 ## hlthp             1.537***   0.197***       0.185**          0.178**[] 
 []


Overfull \hbox (48.75569pt too wide) in paragraph at lines 4091--4091
[]\TU/lmtt/m/n/12 ##                    (0.263)    (0.027)       (0.076)          (0.074)[] 
 []


Overfull \hbox (54.93561pt too wide) in paragraph at lines 4091--4091
[]\TU/lmtt/m/n/12 ## Constant                                                     0.664***[] 
 []


Overfull \hbox (48.77954pt too wide) in paragraph at lines 4091--4091
[]\TU/lmtt/m/n/12 ##                                                              (0.025)[] 
 []


Overfull \hbox (79.67946pt too wide) in paragraph at lines 4091--4091
[]\TU/lmtt/m/n/12 ## -------------------------------------------------------------------------[] 
 []


Overfull \hbox (48.7318pt too wide) in paragraph at lines 4091--4091
[]\TU/lmtt/m/n/12 ## Observations       20,190     20,190         20,190           20,190[] 
 []


Overfull \hbox (61.09186pt too wide) in paragraph at lines 4091--4091
[]\TU/lmtt/m/n/12 ## Log Likelihood              -64,221.340   -43,745.860      -43,384.660[] 
 []


Overfull \hbox (79.6797pt too wide) in paragraph at lines 4091--4091
[]\TU/lmtt/m/n/12 ## theta                                   0.732*** (0.010) 0.773*** (0.011)[] 
 []


Overfull \hbox (61.09186pt too wide) in paragraph at lines 4091--4091
[]\TU/lmtt/m/n/12 ## Akaike Inf. Crit.           128,460.700    87,509.710       86,789.320[] 
 []


Overfull \hbox (79.68001pt too wide) in paragraph at lines 4091--4091
[]\TU/lmtt/m/n/12 ## =========================================================================[] 
 []


Overfull \hbox (79.67967pt too wide) in paragraph at lines 4091--4091
[]\TU/lmtt/m/n/12 ## Note:                                         *p<0.1; **p<0.05; ***p<0.01[] 
 []

[122]
Overfull \hbox (42.5995pt too wide) in paragraph at lines 4123--4123
[]\TU/lmtt/m/n/12 ##              0         1         2          3          4          5[] 
 []


Overfull \hbox (42.50395pt too wide) in paragraph at lines 4123--4123
[]\TU/lmtt/m/n/12 ## [1,] 0.3124319 0.1890540 0.1385339 0.09331352 0.06661714 0.04794453[] 
 []


Overfull \hbox (42.55194pt too wide) in paragraph at lines 4123--4123
[]\TU/lmtt/m/n/12 ## [2,] 0.1220592 0.2230328 0.2271621 0.17173478 0.10888940 0.06244353[] 
 []


Overfull \hbox (42.49196pt too wide) in paragraph at lines 4123--4123
[]\TU/lmtt/m/n/12 ## [3,] 0.3486824 0.1884640 0.1219340 0.08385899 0.05968603 0.04350209[] 
 []

[123] [124] [125]
Overfull \hbox (79.67978pt too wide) in paragraph at lines 4282--4282
[]\TU/lmtt/m/n/12 ## Model 1: mdvis ~ LC + idp + lpi + fmde + physlm + disea + hlthg + hlthf +[] 
 []


Overfull \hbox (85.85979pt too wide) in paragraph at lines 4282--4282
[]\TU/lmtt/m/n/12 ## Model 2: mdvis ~ idp + lpi + fmde + physlm + disea + hlthg + hlthf + hlthp[] 
 []


Overfull \hbox (11.69984pt too wide) in paragraph at lines 4282--4282
[]\TU/lmtt/m/n/12 ## Signif. codes:  0 '***' 0.001 '**' 0.01 '*' 0.05 '.' 0.1 ' ' 1[] 
 []

[126]
Overfull \hbox (48.7795pt too wide) in paragraph at lines 4305--4305
[]\TU/lmtt/m/n/12 ##              0          1         2          3          4          5[] 
 []


Overfull \hbox (48.65996pt too wide) in paragraph at lines 4305--4305
[]\TU/lmtt/m/n/12 ## [1,] 0.3124319 0.18905399 0.1385339 0.09331352 0.06661714 0.04794453[] 
 []


Overfull \hbox (48.73195pt too wide) in paragraph at lines 4305--4305
[]\TU/lmtt/m/n/12 ## [2,] 0.1220592 0.22303277 0.2271621 0.17173478 0.10888940 0.06244353[] 
 []


Overfull \hbox (48.65996pt too wide) in paragraph at lines 4305--4305
[]\TU/lmtt/m/n/12 ## [3,] 0.3486824 0.18846395 0.1219340 0.08385899 0.05968603 0.04350209[] 
 []


Overfull \hbox (48.65994pt too wide) in paragraph at lines 4305--4305
[]\TU/lmtt/m/n/12 ## [4,] 0.3124319 0.06056959 0.1083120 0.13262624 0.12553899 0.09847017[] 
 []


Overfull \hbox (48.67195pt too wide) in paragraph at lines 4305--4305
[]\TU/lmtt/m/n/12 ## [5,] 0.3124684 0.06053026 0.1082799 0.13262562 0.12556531 0.09850218[] 
 []

[127] [128

]
Chapter 4.

Underfull \vbox (badness 1147) has occurred while \output is active []

[129] [130] [131]
File: MicroEc_files/figure-latex/USydsPCA1-1.pdf Graphic file (type pdf)
<use MicroEc_files/figure-latex/USydsPCA1-1.pdf>
[132] [133]
Overfull \hbox (8.45407pt too wide) in alignment at lines 4526--4530
 [][][] []
 []

[134] [135] [136]
Overfull \hbox (0.5146pt too wide) in paragraph at lines 4668--4669
[]$[] [] [] [][][][]$ \TU/lmr/m/n/12 is a convex function. Therefore $[][][][] [] [][][][][][][][][][][] []
 []

[137]
File: MicroEc_files/figure-latex/Cauchy-1.pdf Graphic file (type pdf)
<use MicroEc_files/figure-latex/Cauchy-1.pdf>
[138]
Underfull \vbox (badness 7099) has occurred while \output is active []

[139] [140]

Package hyperref Warning: Suppressing link with empty target on input line 4837.

[141] [142] [143] [144]
File: MicroEc_files/figure-latex/inverseMills-1.pdf Graphic file (type pdf)
<use MicroEc_files/figure-latex/inverseMills-1.pdf>
[145] [146] [147] [148] [149] [150]

LaTeX Warning: Reference `(' on page 151 undefined on input line 5179.


LaTeX Warning: Reference `(' on page 151 undefined on input line 5194.


LaTeX Warning: Reference `eq:TCL2' on page 151 undefined on input line 5210.


Overfull \hbox (33.54968pt too wide) in alignment at lines 5214--5220
 [][][] []
 []

[151]
Overfull \hbox (68.05292pt too wide) in alignment at lines 5233--5238
 [][][] []
 []

[152]
Overfull \hbox (36.3554pt too wide) detected at line 5247
[] [] [] [] [] [][][][]
 []


LaTeX Warning: Reference `prp:smallestMSE' on page 153 undefined on input line 5258.

[153]
Overfull \hbox (6.7202pt too wide) in paragraph at lines 5279--5281
\TU/lmr/m/n/12 This implies that $[][][][][] [] [][][][][]$ is always larger than $[][]$[],
 []


LaTeX Warning: Reference `prp:estimVARGaussian' on page 154 undefined on input line 5283.

[154]

LaTeX Warning: Reference `prp:OLSVAR' on page 155 undefined on input line 5325.


LaTeX Warning: Reference `eq:olsar1' on page 155 undefined on input line 5328.

[155] [156] [157]
Overfull \hbox (87.66412pt too wide) in paragraph at lines 5430--5495
 [][] 
 []


Overfull \hbox (47.19214pt too wide) in paragraph at lines 5554--5601
 [][] 
 []


Overfull \hbox (138.59213pt too wide) in paragraph at lines 5607--5660
 [][] 
 []

(./MicroEc.bbl [158] [159] [160] [161] [162] [163

] [164]) [165] (./MicroEc.aux)

LaTeX Warning: There were undefined references.


LaTeX Warning: There were multiply-defined labels.

Package rerunfilecheck Info: File `MicroEc.out' has not changed.
(rerunfilecheck)             Checksum: 815D9A82E7CBDBE7B7AEAC9221E5E0DC;4527.
 ) 
Here is how much of TeX's memory you used:
 18315 strings out of 478777
 342941 string characters out of 5850045
 1946979 words of memory out of 5000000
 38004 multiletter control sequences out of 15000+600000
 524870 words of font info for 140 fonts, out of 8000000 for 9000
 14 hyphenation exceptions out of 8191
 86i,17n,121p,1845b,592s stack positions out of 10000i,1000n,20000p,200000b,200000s

Output written on MicroEc.pdf (165 pages).
